2020-09-16 22:19:24.050  INFO 18565 --- [Test worker] c.c.buildouts.service.QuizServiceTest    : Starting QuizServiceTest on gauryvg98 with PID 18565 (started by crio-user in /home/crio-user/workspace/gauryvg98-ME_BUILDOUT_QA/buildout)
2020-09-16 22:19:24.054  INFO 18565 --- [Test worker] c.c.buildouts.service.QuizServiceTest    : The following profiles are active: test
2020-09-16 22:19:26.285  INFO 18565 --- [Test worker] .s.d.r.c.RepositoryConfigurationDelegate : Bootstrapping Spring Data repositories in DEFAULT mode.
2020-09-16 22:19:26.548  INFO 18565 --- [Test worker] .s.d.r.c.RepositoryConfigurationDelegate : Finished Spring Data repository scanning in 252ms. Found 1 repository interfaces.
2020-09-16 22:19:29.594  INFO 18565 --- [Test worker] o.s.b.a.mongo.embedded.EmbeddedMongo     : Download Version{3.5.5}:Linux:B64 : starting...
2020-09-16 22:19:30.755  INFO 18565 --- [Test worker] o.s.b.a.mongo.embedded.EmbeddedMongo     : Download Version{3.5.5}:Linux:B64 : DownloadSize: 87554471
2020-09-16 22:19:30.766  INFO 18565 --- [Test worker] o.s.b.a.mongo.embedded.EmbeddedMongo     : Download Version{3.5.5}:Linux:B64 : 0 %
2020-09-16 22:19:31.117  INFO 18565 --- [Test worker] o.s.b.a.mongo.embedded.EmbeddedMongo     : Download Version{3.5.5}:Linux:B64 : 10 %
2020-09-16 22:19:31.374  INFO 18565 --- [Test worker] o.s.b.a.mongo.embedded.EmbeddedMongo     : Download Version{3.5.5}:Linux:B64 : 20 %
2020-09-16 22:19:31.556  INFO 18565 --- [Test worker] o.s.b.a.mongo.embedded.EmbeddedMongo     : Download Version{3.5.5}:Linux:B64 : 30 %
2020-09-16 22:19:31.704  INFO 18565 --- [Test worker] o.s.b.a.mongo.embedded.EmbeddedMongo     : Download Version{3.5.5}:Linux:B64 : 40 %
2020-09-16 22:19:31.876  INFO 18565 --- [Test worker] o.s.b.a.mongo.embedded.EmbeddedMongo     : Download Version{3.5.5}:Linux:B64 : 50 %
2020-09-16 22:19:32.007  INFO 18565 --- [Test worker] o.s.b.a.mongo.embedded.EmbeddedMongo     : Download Version{3.5.5}:Linux:B64 : 60 %
2020-09-16 22:19:32.372  INFO 18565 --- [Test worker] o.s.b.a.mongo.embedded.EmbeddedMongo     : Download Version{3.5.5}:Linux:B64 : 70 %
2020-09-16 22:19:32.508  INFO 18565 --- [Test worker] o.s.b.a.mongo.embedded.EmbeddedMongo     : Download Version{3.5.5}:Linux:B64 : 80 %
2020-09-16 22:19:32.981  INFO 18565 --- [Test worker] o.s.b.a.mongo.embedded.EmbeddedMongo     : Download Version{3.5.5}:Linux:B64 : 90 %
2020-09-16 22:19:33.124  INFO 18565 --- [Test worker] o.s.b.a.mongo.embedded.EmbeddedMongo     : Download Version{3.5.5}:Linux:B64 : 100 %
2020-09-16 22:19:33.125  INFO 18565 --- [Test worker] o.s.b.a.mongo.embedded.EmbeddedMongo     : Download Version{3.5.5}:Linux:B64 : downloaded with 42751kb/s
2020-09-16 22:19:33.312  INFO 18565 --- [Test worker] o.s.b.a.mongo.embedded.EmbeddedMongo     : Download Version{3.5.5}:Linux:B64 : finished
2020-09-16 22:19:33.325  INFO 18565 --- [Test worker] o.s.b.a.mongo.embedded.EmbeddedMongo     : Extract /home/crio-user/.embedmongo/linux/mongodb-linux-x86_64-3.5.5.tgz : starting...
2020-09-16 22:19:34.919  INFO 18565 --- [Test worker] o.s.b.a.mongo.embedded.EmbeddedMongo     : Extract /home/crio-user/.embedmongo/linux/mongodb-linux-x86_64-3.5.5.tgz : extract mongodb-linux-x86_64-3.5.5/bin/mongod
2020-09-16 22:19:34.925  INFO 18565 --- [Test worker] o.s.b.a.mongo.embedded.EmbeddedMongo     : Extract /home/crio-user/.embedmongo/linux/mongodb-linux-x86_64-3.5.5.tgz : nothing left
2020-09-16 22:19:34.930  INFO 18565 --- [Test worker] o.s.b.a.mongo.embedded.EmbeddedMongo     : Extract /home/crio-user/.embedmongo/linux/mongodb-linux-x86_64-3.5.5.tgz : finished
2020-09-16 22:19:35.050  INFO 18565 --- [Thread-7] o.s.b.a.mongo.embedded.EmbeddedMongo     : note: noprealloc may hurt performance in many applications
2020-09-16 22:19:35.056  INFO 18565 --- [Thread-7] o.s.b.a.mongo.embedded.EmbeddedMongo     : 2020-09-16T22:19:35.054+0530 I CONTROL  [initandlisten] MongoDB starting : pid=18615 port=40679 dbpath=/tmp/embedmongo-db-747a52be-aa7a-4f81-9021-dcf9bd10de99 64-bit host=gauryvg98
2020-09-16 22:19:35.058  INFO 18565 --- [Thread-7] o.s.b.a.mongo.embedded.EmbeddedMongo     : 2020-09-16T22:19:35.054+0530 I CONTROL  [initandlisten] db version v3.5.5
2020-09-16 22:19:35.063  INFO 18565 --- [Thread-7] o.s.b.a.mongo.embedded.EmbeddedMongo     : 2020-09-16T22:19:35.054+0530 I CONTROL  [initandlisten] git version: 98515c812b6fa893613f063dae568ff8319cbfbd
2020-09-16 22:19:35.064  INFO 18565 --- [Thread-7] o.s.b.a.mongo.embedded.EmbeddedMongo     : 2020-09-16T22:19:35.054+0530 I CONTROL  [initandlisten] allocator: tcmalloc
2020-09-16 22:19:35.080  INFO 18565 --- [Thread-7] o.s.b.a.mongo.embedded.EmbeddedMongo     : 2020-09-16T22:19:35.054+0530 I CONTROL  [initandlisten] modules: none
2020-09-16 22:19:35.081  INFO 18565 --- [Thread-7] o.s.b.a.mongo.embedded.EmbeddedMongo     : 2020-09-16T22:19:35.054+0530 I CONTROL  [initandlisten] build environment:
2020-09-16 22:19:35.090  INFO 18565 --- [Thread-7] o.s.b.a.mongo.embedded.EmbeddedMongo     : 2020-09-16T22:19:35.054+0530 I CONTROL  [initandlisten]     distarch: x86_64
2020-09-16 22:19:35.104  INFO 18565 --- [Thread-7] o.s.b.a.mongo.embedded.EmbeddedMongo     : 2020-09-16T22:19:35.054+0530 I CONTROL  [initandlisten]     target_arch: x86_64
2020-09-16 22:19:35.119  INFO 18565 --- [Thread-7] o.s.b.a.mongo.embedded.EmbeddedMongo     : 2020-09-16T22:19:35.054+0530 I CONTROL  [initandlisten] options: { net: { bindIp: "127.0.0.1", http: { enabled: false }, port: 40679 }, security: { authorization: "disabled" }, storage: { dbPath: "/tmp/embedmongo-db-747a52be-aa7a-4f81-9021-dcf9bd10de99", journal: { enabled: false }, mmapv1: { preallocDataFiles: false, smallFiles: true }, syncPeriodSecs: 0.0 } }
2020-09-16 22:19:35.120  INFO 18565 --- [Thread-7] o.s.b.a.mongo.embedded.EmbeddedMongo     : 2020-09-16T22:19:35.085+0530 I STORAGE  [initandlisten] 
2020-09-16 22:19:35.123  INFO 18565 --- [Thread-7] o.s.b.a.mongo.embedded.EmbeddedMongo     : 2020-09-16T22:19:35.085+0530 I STORAGE  [initandlisten] ** WARNING: Using the XFS filesystem is strongly recommended with the WiredTiger storage engine
2020-09-16 22:19:35.129  INFO 18565 --- [Thread-7] o.s.b.a.mongo.embedded.EmbeddedMongo     : 2020-09-16T22:19:35.085+0530 I STORAGE  [initandlisten] **          See http://dochub.mongodb.org/core/prodnotes-filesystem
2020-09-16 22:19:35.129  INFO 18565 --- [Thread-7] o.s.b.a.mongo.embedded.EmbeddedMongo     : 2020-09-16T22:19:35.085+0530 I STORAGE  [initandlisten] wiredtiger_open config: create,cache_size=1426M,session_max=20000,eviction=(threads_min=4,threads_max=4),config_base=false,statistics=(fast),log=(enabled=true,archive=true,path=journal,compressor=snappy),file_manager=(close_idle_time=100000),checkpoint=(wait=0,log_size=2GB),statistics_log=(wait=0),verbose=(recovery_progress),,log=(enabled=false),
2020-09-16 22:19:35.176  INFO 18565 --- [Thread-7] o.s.b.a.mongo.embedded.EmbeddedMongo     : 2020-09-16T22:19:35.176+0530 W STORAGE  [initandlisten] Detected configuration for non-active storage engine mmapv1 when current storage engine is wiredTiger
2020-09-16 22:19:35.177  INFO 18565 --- [Thread-7] o.s.b.a.mongo.embedded.EmbeddedMongo     : 2020-09-16T22:19:35.177+0530 I CONTROL  [initandlisten] 
2020-09-16 22:19:35.186  INFO 18565 --- [Thread-7] o.s.b.a.mongo.embedded.EmbeddedMongo     : 2020-09-16T22:19:35.180+0530 I CONTROL  [initandlisten] ** NOTE: This is a development version (3.5.5) of MongoDB.
2020-09-16 22:19:35.200  INFO 18565 --- [Thread-7] o.s.b.a.mongo.embedded.EmbeddedMongo     : 2020-09-16T22:19:35.180+0530 I CONTROL  [initandlisten] **       Not recommended for production.
2020-09-16 22:19:35.200  INFO 18565 --- [Thread-7] o.s.b.a.mongo.embedded.EmbeddedMongo     : 2020-09-16T22:19:35.180+0530 I CONTROL  [initandlisten] 
2020-09-16 22:19:35.209  INFO 18565 --- [Thread-7] o.s.b.a.mongo.embedded.EmbeddedMongo     : 2020-09-16T22:19:35.209+0530 I FTDC     [initandlisten] Initializing full-time diagnostic data capture with directory '/tmp/embedmongo-db-747a52be-aa7a-4f81-9021-dcf9bd10de99/diagnostic.data'
2020-09-16 22:19:35.242  INFO 18565 --- [Thread-7] o.s.b.a.mongo.embedded.EmbeddedMongo     : 2020-09-16T22:19:35.242+0530 I INDEX    [initandlisten] build index on: admin.system.version properties: { v: 2, key: { version: 1 }, name: "incompatible_with_version_32", ns: "admin.system.version" }
2020-09-16 22:19:35.243  INFO 18565 --- [Thread-7] o.s.b.a.mongo.embedded.EmbeddedMongo     : 2020-09-16T22:19:35.243+0530 I INDEX    [initandlisten] 	 building index using bulk method; build may temporarily use up to 500 megabytes of RAM
2020-09-16 22:19:35.270  INFO 18565 --- [Thread-7] o.s.b.a.mongo.embedded.EmbeddedMongo     : 2020-09-16T22:19:35.245+0530 I INDEX    [initandlisten] build index done.  scanned 0 total records. 0 secs
2020-09-16 22:19:35.271  INFO 18565 --- [Thread-7] o.s.b.a.mongo.embedded.EmbeddedMongo     : 2020-09-16T22:19:35.245+0530 I COMMAND  [initandlisten] setting featureCompatibilityVersion to 3.4
2020-09-16 22:19:35.271  INFO 18565 --- [Thread-7] o.s.b.a.mongo.embedded.EmbeddedMongo     : 2020-09-16T22:19:35.245+0530 I NETWORK  [thread1] waiting for connections on port 40679
2020-09-16 22:19:35.284  INFO 18565 --- [Test worker] d.f.embed.mongo.MongodExecutable         : start de.flapdoodle.embed.mongo.config.MongodConfigBuilder$ImmutableMongodConfig@1d2a70a5
2020-09-16 22:19:35.468  INFO 18565 --- [Test worker] org.mongodb.driver.cluster               : Cluster created with settings {hosts=[localhost:40679], mode=MULTIPLE, requiredClusterType=UNKNOWN, serverSelectionTimeout='30000 ms', maxWaitQueueSize=500}
2020-09-16 22:19:35.469  INFO 18565 --- [Test worker] org.mongodb.driver.cluster               : Adding discovered server localhost:40679 to client view of cluster
2020-09-16 22:19:35.570  INFO 18565 --- [Thread-7] o.s.b.a.mongo.embedded.EmbeddedMongo     : 2020-09-16T22:19:35.570+0530 I NETWORK  [thread1] connection accepted from 127.0.0.1:50732 #1 (1 connection now open)
2020-09-16 22:19:35.621  INFO 18565 --- [Thread-7] o.s.b.a.mongo.embedded.EmbeddedMongo     : 2020-09-16T22:19:35.621+0530 I NETWORK  [conn1] received client metadata from 127.0.0.1:50732 conn1: { driver: { name: "mongo-java-driver", version: "3.8.2" }, os: { type: "Linux", name: "Linux", architecture: "amd64", version: "5.3.0-1023-aws" }, platform: "Java/Private Build/1.8.0_265-8u265-b01-0ubuntu2~18.04-b01" }
2020-09-16 22:19:35.647  INFO 18565 --- [cluster-ClusterId{value='5f62421f0eab8e4885fcacde', description='null'}-localhost:40679] org.mongodb.driver.connection            : Opened connection [connectionId{localValue:1, serverValue:1}] to localhost:40679
2020-09-16 22:19:35.707  INFO 18565 --- [cluster-ClusterId{value='5f62421f0eab8e4885fcacde', description='null'}-localhost:40679] org.mongodb.driver.cluster               : Monitor thread successfully connected to server with description ServerDescription{address=localhost:40679, type=STANDALONE, state=CONNECTED, ok=true, version=ServerVersion{versionList=[3, 5, 5]}, minWireVersion=0, maxWireVersion=5, maxDocumentSize=16777216, logicalSessionTimeoutMinutes=null, roundTripTimeNanos=3041169}
2020-09-16 22:19:35.714  INFO 18565 --- [cluster-ClusterId{value='5f62421f0eab8e4885fcacde', description='null'}-localhost:40679] org.mongodb.driver.cluster               : Discovered cluster type of STANDALONE
2020-09-16 22:19:36.458  INFO 18565 --- [Test worker] o.s.s.concurrent.ThreadPoolTaskExecutor  : Initializing ExecutorService 'applicationTaskExecutor'
2020-09-16 22:19:37.831  INFO 18565 --- [Test worker] o.s.b.a.e.web.EndpointLinksResolver      : Exposing 2 endpoint(s) beneath base path '/actuator'
2020-09-16 22:19:37.957  INFO 18565 --- [Test worker] c.c.buildouts.service.QuizServiceTest    : Started QuizServiceTest in 14.818 seconds (JVM running for 17.282)
2020-09-16 22:19:38.313  INFO 18565 --- [Test worker] o.s.s.concurrent.ThreadPoolTaskExecutor  : Shutting down ExecutorService 'applicationTaskExecutor'
2020-09-16 22:19:38.320  INFO 18565 --- [Thread-7] o.s.b.a.mongo.embedded.EmbeddedMongo     : 2020-09-16T22:19:38.320+0530 I -        [conn1] end connection 127.0.0.1:50732 (1 connection now open)
2020-09-16 22:19:38.325  INFO 18565 --- [Thread-7] o.s.b.a.mongo.embedded.EmbeddedMongo     : 2020-09-16T22:19:38.323+0530 I NETWORK  [thread1] connection accepted from 127.0.0.1:50734 #2 (1 connection now open)
2020-09-16 22:19:38.333  INFO 18565 --- [Thread-7] o.s.b.a.mongo.embedded.EmbeddedMongo     : 2020-09-16T22:19:38.327+0530 I COMMAND  [conn2] terminating, shutdown command received
2020-09-16 22:19:38.334  INFO 18565 --- [Thread-7] o.s.b.a.mongo.embedded.EmbeddedMongo     : 2020-09-16T22:19:38.327+0530 I NETWORK  [conn2] shutdown: going to close listening sockets...
2020-09-16 22:19:38.359  INFO 18565 --- [Thread-7] o.s.b.a.mongo.embedded.EmbeddedMongo     : 2020-09-16T22:19:38.327+0530 I NETWORK  [conn2] closing listening socket: 7
2020-09-16 22:19:38.359  INFO 18565 --- [Thread-7] o.s.b.a.mongo.embedded.EmbeddedMongo     : 2020-09-16T22:19:38.327+0530 I NETWORK  [conn2] closing listening socket: 8
2020-09-16 22:19:38.368  INFO 18565 --- [Thread-7] o.s.b.a.mongo.embedded.EmbeddedMongo     : 2020-09-16T22:19:38.327+0530 I NETWORK  [conn2] removing socket file: /tmp/mongodb-40679.sock
2020-09-16 22:19:38.368  INFO 18565 --- [Thread-7] o.s.b.a.mongo.embedded.EmbeddedMongo     : 2020-09-16T22:19:38.327+0530 I NETWORK  [conn2] shutdown: going to flush diaglog...
2020-09-16 22:19:38.368  INFO 18565 --- [Thread-7] o.s.b.a.mongo.embedded.EmbeddedMongo     : 2020-09-16T22:19:38.327+0530 I FTDC     [conn2] Shutting down full-time diagnostic data capture
2020-09-16 22:19:38.369  INFO 18565 --- [Thread-7] o.s.b.a.mongo.embedded.EmbeddedMongo     : 2020-09-16T22:19:38.328+0530 I STORAGE  [conn2] WiredTigerKVEngine shutting down
2020-09-16 22:19:38.369  INFO 18565 --- [Thread-7] o.s.b.a.mongo.embedded.EmbeddedMongo     : 2020-09-16T22:19:38.361+0530 I STORAGE  [conn2] shutdown: removing fs lock...
2020-09-16 22:19:38.369  INFO 18565 --- [Thread-7] o.s.b.a.mongo.embedded.EmbeddedMongo     : 2020-09-16T22:19:38.361+0530 I CONTROL  [conn2] now exiting
2020-09-16 22:19:38.380  INFO 18565 --- [Thread-7] o.s.b.a.mongo.embedded.EmbeddedMongo     : 2020-09-16T22:19:38.361+0530 I CONTROL  [initandlisten] shutting down with code:0
2020-09-16 22:19:38.484  INFO 18565 --- [Test worker] .b.t.c.SpringBootTestContextBootstrapper : Neither @ContextConfiguration nor @ContextHierarchy found for test class [com.crio.buildouts.repository.QuizRepositoryTest], using SpringBootContextLoader
2020-09-16 22:19:38.486  INFO 18565 --- [Test worker] o.s.t.c.support.AbstractContextLoader    : Could not detect default resource locations for test class [com.crio.buildouts.repository.QuizRepositoryTest]: no resource found for suffixes {-context.xml, Context.groovy}.
2020-09-16 22:19:38.500  INFO 18565 --- [Test worker] .b.t.c.SpringBootTestContextBootstrapper : Loaded default TestExecutionListener class names from location [META-INF/spring.factories]: [org.springframework.boot.test.autoconfigure.restdocs.RestDocsTestExecutionListener, org.springframework.boot.test.autoconfigure.web.client.MockRestServiceServerResetTestExecutionListener, org.springframework.boot.test.autoconfigure.web.servlet.MockMvcPrintOnlyOnFailureTestExecutionListener, org.springframework.boot.test.autoconfigure.web.servlet.WebDriverTestExecutionListener, org.springframework.boot.test.mock.mockito.MockitoTestExecutionListener, org.springframework.boot.test.mock.mockito.ResetMocksTestExecutionListener, org.springframework.test.context.web.ServletTestExecutionListener, org.springframework.test.context.support.DirtiesContextBeforeModesTestExecutionListener, org.springframework.test.context.support.DependencyInjectionTestExecutionListener, org.springframework.test.context.support.DirtiesContextTestExecutionListener, org.springframework.test.context.transaction.TransactionalTestExecutionListener, org.springframework.test.context.jdbc.SqlScriptsTestExecutionListener]
2020-09-16 22:19:38.744  INFO 18565 --- [Test worker] .b.t.c.SpringBootTestContextBootstrapper : Using TestExecutionListeners: [org.springframework.test.context.web.ServletTestExecutionListener@555c7233, org.springframework.test.context.support.DirtiesContextBeforeModesTestExecutionListener@305ddfc, org.springframework.boot.test.mock.mockito.MockitoTestExecutionListener@2938d0c7, org.springframework.boot.test.autoconfigure.SpringBootDependencyInjectionTestExecutionListener@28609634, org.springframework.test.context.support.DirtiesContextTestExecutionListener@1e9bb4e1, org.springframework.test.context.transaction.TransactionalTestExecutionListener@33dc60f3, org.springframework.test.context.jdbc.SqlScriptsTestExecutionListener@5c0d20a7, org.springframework.boot.test.autoconfigure.restdocs.RestDocsTestExecutionListener@70f0dc24, org.springframework.boot.test.autoconfigure.web.client.MockRestServiceServerResetTestExecutionListener@330f4267, org.springframework.boot.test.autoconfigure.web.servlet.MockMvcPrintOnlyOnFailureTestExecutionListener@6384670d, org.springframework.boot.test.autoconfigure.web.servlet.WebDriverTestExecutionListener@56397bc2, org.springframework.boot.test.mock.mockito.ResetMocksTestExecutionListener@205e8cdd]
2020-09-16 22:19:38.815  INFO 18565 --- [Test worker] c.c.b.repository.QuizRepositoryTest      : Starting QuizRepositoryTest on gauryvg98 with PID 18565 (started by crio-user in /home/crio-user/workspace/gauryvg98-ME_BUILDOUT_QA/buildout)
2020-09-16 22:19:38.816  INFO 18565 --- [Test worker] c.c.b.repository.QuizRepositoryTest      : The following profiles are active: test
2020-09-16 22:19:39.179  INFO 18565 --- [Test worker] .s.d.r.c.RepositoryConfigurationDelegate : Bootstrapping Spring Data repositories in DEFAULT mode.
2020-09-16 22:19:39.198  INFO 18565 --- [Test worker] .s.d.r.c.RepositoryConfigurationDelegate : Finished Spring Data repository scanning in 18ms. Found 1 repository interfaces.
2020-09-16 22:19:40.280  INFO 18565 --- [Test worker] o.s.s.concurrent.ThreadPoolTaskExecutor  : Initializing ExecutorService 'applicationTaskExecutor'
2020-09-16 22:19:40.564  INFO 18565 --- [Thread-11] o.s.b.a.mongo.embedded.EmbeddedMongo     : note: noprealloc may hurt performance in many applications
2020-09-16 22:19:40.576  INFO 18565 --- [Thread-11] o.s.b.a.mongo.embedded.EmbeddedMongo     : 2020-09-16T22:19:40.566+0530 I CONTROL  [initandlisten] MongoDB starting : pid=18646 port=32827 dbpath=/tmp/embedmongo-db-dcd4420c-3b72-42c9-82f0-b4888c9e7b2a 64-bit host=gauryvg98
2020-09-16 22:19:40.585  INFO 18565 --- [Thread-11] o.s.b.a.mongo.embedded.EmbeddedMongo     : 2020-09-16T22:19:40.566+0530 I CONTROL  [initandlisten] db version v3.5.5
2020-09-16 22:19:40.594  INFO 18565 --- [Thread-11] o.s.b.a.mongo.embedded.EmbeddedMongo     : 2020-09-16T22:19:40.566+0530 I CONTROL  [initandlisten] git version: 98515c812b6fa893613f063dae568ff8319cbfbd
2020-09-16 22:19:40.594  INFO 18565 --- [Thread-11] o.s.b.a.mongo.embedded.EmbeddedMongo     : 2020-09-16T22:19:40.566+0530 I CONTROL  [initandlisten] allocator: tcmalloc
2020-09-16 22:19:40.594  INFO 18565 --- [Thread-11] o.s.b.a.mongo.embedded.EmbeddedMongo     : 2020-09-16T22:19:40.566+0530 I CONTROL  [initandlisten] modules: none
2020-09-16 22:19:40.595  INFO 18565 --- [Thread-11] o.s.b.a.mongo.embedded.EmbeddedMongo     : 2020-09-16T22:19:40.566+0530 I CONTROL  [initandlisten] build environment:
2020-09-16 22:19:40.602  INFO 18565 --- [Thread-11] o.s.b.a.mongo.embedded.EmbeddedMongo     : 2020-09-16T22:19:40.566+0530 I CONTROL  [initandlisten]     distarch: x86_64
2020-09-16 22:19:40.611  INFO 18565 --- [Thread-11] o.s.b.a.mongo.embedded.EmbeddedMongo     : 2020-09-16T22:19:40.566+0530 I CONTROL  [initandlisten]     target_arch: x86_64
2020-09-16 22:19:40.620  INFO 18565 --- [Thread-11] o.s.b.a.mongo.embedded.EmbeddedMongo     : 2020-09-16T22:19:40.566+0530 I CONTROL  [initandlisten] options: { net: { bindIp: "127.0.0.1", http: { enabled: false }, port: 32827 }, security: { authorization: "disabled" }, storage: { dbPath: "/tmp/embedmongo-db-dcd4420c-3b72-42c9-82f0-b4888c9e7b2a", journal: { enabled: false }, mmapv1: { preallocDataFiles: false, smallFiles: true }, syncPeriodSecs: 0.0 } }
2020-09-16 22:19:40.629  INFO 18565 --- [Thread-11] o.s.b.a.mongo.embedded.EmbeddedMongo     : 2020-09-16T22:19:40.589+0530 I STORAGE  [initandlisten] 
2020-09-16 22:19:40.638  INFO 18565 --- [Thread-11] o.s.b.a.mongo.embedded.EmbeddedMongo     : 2020-09-16T22:19:40.589+0530 I STORAGE  [initandlisten] ** WARNING: Using the XFS filesystem is strongly recommended with the WiredTiger storage engine
2020-09-16 22:19:40.638  INFO 18565 --- [Thread-11] o.s.b.a.mongo.embedded.EmbeddedMongo     : 2020-09-16T22:19:40.589+0530 I STORAGE  [initandlisten] **          See http://dochub.mongodb.org/core/prodnotes-filesystem
2020-09-16 22:19:40.639  INFO 18565 --- [Thread-11] o.s.b.a.mongo.embedded.EmbeddedMongo     : 2020-09-16T22:19:40.589+0530 I STORAGE  [initandlisten] wiredtiger_open config: create,cache_size=1426M,session_max=20000,eviction=(threads_min=4,threads_max=4),config_base=false,statistics=(fast),log=(enabled=true,archive=true,path=journal,compressor=snappy),file_manager=(close_idle_time=100000),checkpoint=(wait=0,log_size=2GB),statistics_log=(wait=0),verbose=(recovery_progress),,log=(enabled=false),
2020-09-16 22:19:40.663  INFO 18565 --- [Thread-11] o.s.b.a.mongo.embedded.EmbeddedMongo     : 2020-09-16T22:19:40.663+0530 W STORAGE  [initandlisten] Detected configuration for non-active storage engine mmapv1 when current storage engine is wiredTiger
2020-09-16 22:19:40.663  INFO 18565 --- [Thread-11] o.s.b.a.mongo.embedded.EmbeddedMongo     : 2020-09-16T22:19:40.663+0530 I CONTROL  [initandlisten] 
2020-09-16 22:19:40.665  INFO 18565 --- [Thread-11] o.s.b.a.mongo.embedded.EmbeddedMongo     : 2020-09-16T22:19:40.665+0530 I CONTROL  [initandlisten] ** NOTE: This is a development version (3.5.5) of MongoDB.
2020-09-16 22:19:40.673  INFO 18565 --- [Thread-11] o.s.b.a.mongo.embedded.EmbeddedMongo     : 2020-09-16T22:19:40.667+0530 I CONTROL  [initandlisten] **       Not recommended for production.
2020-09-16 22:19:40.673  INFO 18565 --- [Thread-11] o.s.b.a.mongo.embedded.EmbeddedMongo     : 2020-09-16T22:19:40.667+0530 I CONTROL  [initandlisten] 
2020-09-16 22:19:40.693  INFO 18565 --- [Thread-11] o.s.b.a.mongo.embedded.EmbeddedMongo     : 2020-09-16T22:19:40.693+0530 I FTDC     [initandlisten] Initializing full-time diagnostic data capture with directory '/tmp/embedmongo-db-dcd4420c-3b72-42c9-82f0-b4888c9e7b2a/diagnostic.data'
2020-09-16 22:19:40.731  INFO 18565 --- [Thread-11] o.s.b.a.mongo.embedded.EmbeddedMongo     : 2020-09-16T22:19:40.731+0530 I INDEX    [initandlisten] build index on: admin.system.version properties: { v: 2, key: { version: 1 }, name: "incompatible_with_version_32", ns: "admin.system.version" }
2020-09-16 22:19:40.733  INFO 18565 --- [Thread-11] o.s.b.a.mongo.embedded.EmbeddedMongo     : 2020-09-16T22:19:40.733+0530 I INDEX    [initandlisten] 	 building index using bulk method; build may temporarily use up to 500 megabytes of RAM
2020-09-16 22:19:40.739  INFO 18565 --- [Thread-11] o.s.b.a.mongo.embedded.EmbeddedMongo     : 2020-09-16T22:19:40.734+0530 I INDEX    [initandlisten] build index done.  scanned 0 total records. 0 secs
2020-09-16 22:19:40.739  INFO 18565 --- [Thread-11] o.s.b.a.mongo.embedded.EmbeddedMongo     : 2020-09-16T22:19:40.734+0530 I COMMAND  [initandlisten] setting featureCompatibilityVersion to 3.4
2020-09-16 22:19:40.740  INFO 18565 --- [Thread-11] o.s.b.a.mongo.embedded.EmbeddedMongo     : 2020-09-16T22:19:40.734+0530 I NETWORK  [thread1] waiting for connections on port 32827
2020-09-16 22:19:40.740  INFO 18565 --- [Test worker] d.f.embed.mongo.MongodExecutable         : start de.flapdoodle.embed.mongo.config.MongodConfigBuilder$ImmutableMongodConfig@69b17a22
2020-09-16 22:19:40.759  INFO 18565 --- [Test worker] org.mongodb.driver.cluster               : Cluster created with settings {hosts=[localhost:32827], mode=MULTIPLE, requiredClusterType=UNKNOWN, serverSelectionTimeout='30000 ms', maxWaitQueueSize=500}
2020-09-16 22:19:40.762  INFO 18565 --- [Test worker] org.mongodb.driver.cluster               : Adding discovered server localhost:32827 to client view of cluster
2020-09-16 22:19:40.767  INFO 18565 --- [Thread-11] o.s.b.a.mongo.embedded.EmbeddedMongo     : 2020-09-16T22:19:40.767+0530 I NETWORK  [thread1] connection accepted from 127.0.0.1:44184 #1 (1 connection now open)
2020-09-16 22:19:40.774  INFO 18565 --- [Thread-11] o.s.b.a.mongo.embedded.EmbeddedMongo     : 2020-09-16T22:19:40.774+0530 I NETWORK  [conn1] received client metadata from 127.0.0.1:44184 conn1: { driver: { name: "mongo-java-driver", version: "3.8.2" }, os: { type: "Linux", name: "Linux", architecture: "amd64", version: "5.3.0-1023-aws" }, platform: "Java/Private Build/1.8.0_265-8u265-b01-0ubuntu2~18.04-b01" }
2020-09-16 22:19:40.798  INFO 18565 --- [cluster-ClusterId{value='5f6242240eab8e4885fcacdf', description='null'}-localhost:32827] org.mongodb.driver.connection            : Opened connection [connectionId{localValue:2, serverValue:1}] to localhost:32827
2020-09-16 22:19:40.807  INFO 18565 --- [cluster-ClusterId{value='5f6242240eab8e4885fcacdf', description='null'}-localhost:32827] org.mongodb.driver.cluster               : Monitor thread successfully connected to server with description ServerDescription{address=localhost:32827, type=STANDALONE, state=CONNECTED, ok=true, version=ServerVersion{versionList=[3, 5, 5]}, minWireVersion=0, maxWireVersion=5, maxDocumentSize=16777216, logicalSessionTimeoutMinutes=null, roundTripTimeNanos=933789}
2020-09-16 22:19:40.815  INFO 18565 --- [cluster-ClusterId{value='5f6242240eab8e4885fcacdf', description='null'}-localhost:32827] org.mongodb.driver.cluster               : Discovered cluster type of STANDALONE
2020-09-16 22:19:41.324  INFO 18565 --- [Test worker] o.s.b.a.e.web.EndpointLinksResolver      : Exposing 2 endpoint(s) beneath base path '/actuator'
2020-09-16 22:19:41.390  INFO 18565 --- [Test worker] c.c.b.repository.QuizRepositoryTest      : Started QuizRepositoryTest in 2.634 seconds (JVM running for 20.715)
2020-09-16 22:19:41.532  INFO 18565 --- [Thread-11] o.s.b.a.mongo.embedded.EmbeddedMongo     : 2020-09-16T22:19:41.531+0530 I -        [conn1] end connection 127.0.0.1:44184 (1 connection now open)
2020-09-16 22:19:41.595  INFO 18565 --- [Thread-11] o.s.b.a.mongo.embedded.EmbeddedMongo     : 2020-09-16T22:19:41.531+0530 I NETWORK  [thread1] connection accepted from 127.0.0.1:44186 #2 (1 connection now open)
2020-09-16 22:19:41.604  INFO 18565 --- [Thread-11] o.s.b.a.mongo.embedded.EmbeddedMongo     : 2020-09-16T22:19:41.533+0530 I COMMAND  [conn2] terminating, shutdown command received
2020-09-16 22:19:41.605  INFO 18565 --- [Thread-11] o.s.b.a.mongo.embedded.EmbeddedMongo     : 2020-09-16T22:19:41.533+0530 I NETWORK  [conn2] shutdown: going to close listening sockets...
2020-09-16 22:19:41.614  INFO 18565 --- [Thread-11] o.s.b.a.mongo.embedded.EmbeddedMongo     : 2020-09-16T22:19:41.533+0530 I NETWORK  [conn2] closing listening socket: 7
2020-09-16 22:19:41.614  INFO 18565 --- [Thread-11] o.s.b.a.mongo.embedded.EmbeddedMongo     : 2020-09-16T22:19:41.533+0530 I NETWORK  [conn2] closing listening socket: 8
2020-09-16 22:19:41.614  INFO 18565 --- [Thread-11] o.s.b.a.mongo.embedded.EmbeddedMongo     : 2020-09-16T22:19:41.533+0530 I NETWORK  [conn2] removing socket file: /tmp/mongodb-32827.sock
2020-09-16 22:19:41.615  INFO 18565 --- [Thread-11] o.s.b.a.mongo.embedded.EmbeddedMongo     : 2020-09-16T22:19:41.533+0530 I NETWORK  [conn2] shutdown: going to flush diaglog...
2020-09-16 22:19:41.623  INFO 18565 --- [Thread-11] o.s.b.a.mongo.embedded.EmbeddedMongo     : 2020-09-16T22:19:41.533+0530 I FTDC     [conn2] Shutting down full-time diagnostic data capture
2020-09-16 22:19:41.623  INFO 18565 --- [Thread-11] o.s.b.a.mongo.embedded.EmbeddedMongo     : 2020-09-16T22:19:41.534+0530 I STORAGE  [conn2] WiredTigerKVEngine shutting down
2020-09-16 22:19:41.623  INFO 18565 --- [Thread-11] o.s.b.a.mongo.embedded.EmbeddedMongo     : 2020-09-16T22:19:41.561+0530 I STORAGE  [conn2] shutdown: removing fs lock...
2020-09-16 22:19:41.623  INFO 18565 --- [Thread-11] o.s.b.a.mongo.embedded.EmbeddedMongo     : 2020-09-16T22:19:41.561+0530 I CONTROL  [conn2] now exiting
2020-09-16 22:19:41.623  INFO 18565 --- [Thread-11] o.s.b.a.mongo.embedded.EmbeddedMongo     : 2020-09-16T22:19:41.561+0530 I CONTROL  [initandlisten] shutting down with code:0
2020-09-16 22:19:41.684  INFO 18565 --- [Test worker] o.s.s.concurrent.ThreadPoolTaskExecutor  : Shutting down ExecutorService 'applicationTaskExecutor'
